This is pdfTeX, Version 3.14159265-2.6-1.40.20 (TeX Live 2019/Debian) (preloaded format=pdflatex 2021.7.29)  18 NOV 2021 16:10
entering extended mode
 restricted \write18 enabled.
 file:line:error style messages enabled.
 %&-line parsing enabled.
**"/mnt/c/Users/abhir/OneDrive/IIEST/Study Material/Sem 5/CS 3171 Microprocessor Lab/Report/510519109.tex"
(/mnt/c/Users/abhir/OneDrive/IIEST/Study Material/Sem 5/CS 3171 Microprocessor Lab/Report/510519109.tex
LaTeX2e <2020-02-02> patch level 2
L3 programming layer <2020-02-14> (/usr/share/texlive/texmf-dist/tex/latex/base/article.cls
Document Class: article 2019/12/20 v1.4l Standard LaTeX document class
(/usr/share/texlive/texmf-dist/tex/latex/base/size10.clo
File: size10.clo 2019/12/20 v1.4l Standard LaTeX file (size option)
)
\c@part=\count167
\c@section=\count168
\c@subsection=\count169
\c@subsubsection=\count170
\c@paragraph=\count171
\c@subparagraph=\count172
\c@figure=\count173
\c@table=\count174
\abovecaptionskip=\skip47
\belowcaptionskip=\skip48
\bibindent=\dimen134
) (/usr/share/texlive/texmf-dist/tex/latex/geometry/geometry.sty
Package: geometry 2020/01/02 v5.9 Page Geometry
 (/usr/share/texlive/texmf-dist/tex/latex/graphics/keyval.sty
Package: keyval 2014/10/28 v1.15 key=value parser (DPC)
\KV@toks@=\toks14
) (/usr/share/texlive/texmf-dist/tex/generic/iftex/ifvtex.sty
Package: ifvtex 2019/10/25 v1.7 ifvtex legacy package. Use iftex instead.
 (/usr/share/texlive/texmf-dist/tex/generic/iftex/iftex.sty
Package: iftex 2019/11/07 v1.0c TeX engine tests
))
\Gm@cnth=\count175
\Gm@cntv=\count176
\c@Gm@tempcnt=\count177
\Gm@bindingoffset=\dimen135
\Gm@wd@mp=\dimen136
\Gm@odd@mp=\dimen137
\Gm@even@mp=\dimen138
\Gm@layoutwidth=\dimen139
\Gm@layoutheight=\dimen140
\Gm@layouthoffset=\dimen141
\Gm@layoutvoffset=\dimen142
\Gm@dimlist=\toks15
) (/usr/share/texlive/texmf-dist/tex/latex/base/inputenc.sty
Package: inputenc 2018/08/11 v1.3c Input encoding file
\inpenc@prehook=\toks16
\inpenc@posthook=\toks17
) (/usr/share/texlive/texmf-dist/tex/latex/graphics/graphicx.sty
Package: graphicx 2019/11/30 v1.2a Enhanced LaTeX Graphics (DPC,SPQR)
 (/usr/share/texlive/texmf-dist/tex/latex/graphics/graphics.sty
Package: graphics 2019/11/30 v1.4a Standard LaTeX Graphics (DPC,SPQR)
 (/usr/share/texlive/texmf-dist/tex/latex/graphics/trig.sty
Package: trig 2016/01/03 v1.10 sin cos tan (DPC)
) (/usr/share/texlive/texmf-dist/tex/latex/graphics-cfg/graphics.cfg
File: graphics.cfg 2016/06/04 v1.11 sample graphics configuration
)
Package graphics Info: Driver file: pdftex.def on input line 105.
 (/usr/share/texlive/texmf-dist/tex/latex/graphics-def/pdftex.def
File: pdftex.def 2018/01/08 v1.0l Graphics/color driver for pdftex
))
\Gin@req@height=\dimen143
\Gin@req@width=\dimen144
) (/usr/share/texlive/texmf-dist/tex/latex/hyperref/hyperref.sty
Package: hyperref 2020/01/14 v7.00d Hypertext links for LaTeX
 (/usr/share/texlive/texmf-dist/tex/generic/ltxcmds/ltxcmds.sty
Package: ltxcmds 2019/12/15 v1.24 LaTeX kernel commands for general use (HO)
) (/usr/share/texlive/texmf-dist/tex/latex/pdftexcmds/pdftexcmds.sty
Package: pdftexcmds 2019/11/24 v0.31 Utility functions of pdfTeX for LuaTeX (HO)
 (/usr/share/texlive/texmf-dist/tex/generic/infwarerr/infwarerr.sty
Package: infwarerr 2019/12/03 v1.5 Providing info/warning/error messages (HO)
)
Package pdftexcmds Info: \pdf@primitive is available.
Package pdftexcmds Info: \pdf@ifprimitive is available.
Package pdftexcmds Info: \pdfdraftmode found.
) (/usr/share/texlive/texmf-dist/tex/generic/kvsetkeys/kvsetkeys.sty
Package: kvsetkeys 2019/12/15 v1.18 Key value parser (HO)
) (/usr/share/texlive/texmf-dist/tex/generic/kvdefinekeys/kvdefinekeys.sty
Package: kvdefinekeys 2019-12-19 v1.6 Define keys (HO)
) (/usr/share/texlive/texmf-dist/tex/generic/pdfescape/pdfescape.sty
Package: pdfescape 2019/12/09 v1.15 Implements pdfTeX's escape features (HO)
) (/usr/share/texlive/texmf-dist/tex/latex/hycolor/hycolor.sty
Package: hycolor 2020-01-27 v1.10 Color options for hyperref/bookmark (HO)
) (/usr/share/texlive/texmf-dist/tex/latex/letltxmacro/letltxmacro.sty
Package: letltxmacro 2019/12/03 v1.6 Let assignment for LaTeX macros (HO)
) (/usr/share/texlive/texmf-dist/tex/latex/auxhook/auxhook.sty
Package: auxhook 2019-12-17 v1.6 Hooks for auxiliary files (HO)
) (/usr/share/texlive/texmf-dist/tex/latex/kvoptions/kvoptions.sty
Package: kvoptions 2019/11/29 v3.13 Key value format for package options (HO)
)
\@linkdim=\dimen145
\Hy@linkcounter=\count178
\Hy@pagecounter=\count179
 (/usr/share/texlive/texmf-dist/tex/latex/hyperref/pd1enc.def
File: pd1enc.def 2020/01/14 v7.00d Hyperref: PDFDocEncoding definition (HO)
Now handling font encoding PD1 ...
... no UTF-8 mapping file for font encoding PD1
) (/usr/share/texlive/texmf-dist/tex/generic/intcalc/intcalc.sty
Package: intcalc 2019/12/15 v1.3 Expandable calculations with integers (HO)
) (/usr/share/texlive/texmf-dist/tex/generic/etexcmds/etexcmds.sty
Package: etexcmds 2019/12/15 v1.7 Avoid name clashes with e-TeX commands (HO)
)
\Hy@SavedSpaceFactor=\count180
\pdfmajorversion=\count181
Package hyperref Info: Hyper figures OFF on input line 4547.
Package hyperref Info: Link nesting OFF on input line 4552.
Package hyperref Info: Hyper index ON on input line 4555.
Package hyperref Info: Plain pages OFF on input line 4562.
Package hyperref Info: Backreferencing OFF on input line 4567.
Package hyperref Info: Implicit mode ON; LaTeX internals redefined.
Package hyperref Info: Bookmarks ON on input line 4800.
\c@Hy@tempcnt=\count182
 (/usr/share/texlive/texmf-dist/tex/latex/url/url.sty
\Urlmuskip=\muskip16
Package: url 2013/09/16  ver 3.4  Verb mode for urls, etc.
)
LaTeX Info: Redefining \url on input line 5159.
\XeTeXLinkMargin=\dimen146
 (/usr/share/texlive/texmf-dist/tex/generic/bitset/bitset.sty
Package: bitset 2019/12/09 v1.3 Handle bit-vector datatype (HO)
 (/usr/share/texlive/texmf-dist/tex/generic/bigintcalc/bigintcalc.sty
Package: bigintcalc 2019/12/15 v1.5 Expandable calculations on big integers (HO)
))
\Fld@menulength=\count183
\Field@Width=\dimen147
\Fld@charsize=\dimen148
Package hyperref Info: Hyper figures OFF on input line 6430.
Package hyperref Info: Link nesting OFF on input line 6435.
Package hyperref Info: Hyper index ON on input line 6438.
Package hyperref Info: backreferencing OFF on input line 6445.
Package hyperref Info: Link coloring OFF on input line 6450.
Package hyperref Info: Link coloring with OCG OFF on input line 6455.
Package hyperref Info: PDF/A mode OFF on input line 6460.
LaTeX Info: Redefining \ref on input line 6500.
LaTeX Info: Redefining \pageref on input line 6504.
 (/usr/share/texlive/texmf-dist/tex/generic/atbegshi/atbegshi.sty
Package: atbegshi 2019/12/05 v1.19 At begin shipout hook (HO)
)
\Hy@abspage=\count184
\c@Item=\count185
\c@Hfootnote=\count186
)
Package hyperref Info: Driver (autodetected): hpdftex.
 (/usr/share/texlive/texmf-dist/tex/latex/hyperref/hpdftex.def
File: hpdftex.def 2020/01/14 v7.00d Hyperref driver for pdfTeX
 (/usr/share/texlive/texmf-dist/tex/latex/atveryend/atveryend.sty
Package: atveryend 2019-12-11 v1.11 Hooks at the very end of document (HO)
Package atveryend Info: \enddocument detected (standard20110627).
)
\Fld@listcount=\count187
\c@bookmark@seq@number=\count188
 (/usr/share/texlive/texmf-dist/tex/latex/rerunfilecheck/rerunfilecheck.sty
Package: rerunfilecheck 2019/12/05 v1.9 Rerun checks for auxiliary files (HO)
 (/usr/share/texlive/texmf-dist/tex/generic/uniquecounter/uniquecounter.sty
Package: uniquecounter 2019/12/15 v1.4 Provide unlimited unique counter (HO)
)
Package uniquecounter Info: New unique counter `rerunfilecheck' on input line 286.
)
\Hy@SectionHShift=\skip49
) (/usr/share/texlive/texmf-dist/tex/latex/listings/listings.sty
\lst@mode=\count189
\lst@gtempboxa=\box45
\lst@token=\toks18
\lst@length=\count190
\lst@currlwidth=\dimen149
\lst@column=\count191
\lst@pos=\count192
\lst@lostspace=\dimen150
\lst@width=\dimen151
\lst@newlines=\count193
\lst@lineno=\count194
\lst@maxwidth=\dimen152
 (/usr/share/texlive/texmf-dist/tex/latex/listings/lstmisc.sty
File: lstmisc.sty 2019/09/10 1.8c (Carsten Heinz)
\c@lstnumber=\count195
\lst@skipnumbers=\count196
\lst@framebox=\box46
) (/usr/share/texlive/texmf-dist/tex/latex/listings/listings.cfg
File: listings.cfg 2019/09/10 1.8c listings configuration
))
Package: listings 2019/09/10 1.8c (Carsten Heinz)
 (/usr/share/texlive/texmf-dist/tex/latex/xcolor/xcolor.sty
Package: xcolor 2016/05/11 v2.12 LaTeX color extensions (UK)
 (/usr/share/texlive/texmf-dist/tex/latex/graphics-cfg/color.cfg
File: color.cfg 2016/01/02 v1.6 sample color configuration
)
Package xcolor Info: Driver file: pdftex.def on input line 225.
Package xcolor Info: Model `cmy' substituted by `cmy0' on input line 1348.
Package xcolor Info: Model `hsb' substituted by `rgb' on input line 1352.
Package xcolor Info: Model `RGB' extended on input line 1364.
Package xcolor Info: Model `HTML' substituted by `rgb' on input line 1366.
Package xcolor Info: Model `Hsb' substituted by `hsb' on input line 1367.
Package xcolor Info: Model `tHsb' substituted by `hsb' on input line 1368.
Package xcolor Info: Model `HSB' substituted by `hsb' on input line 1369.
Package xcolor Info: Model `Gray' substituted by `gray' on input line 1370.
Package xcolor Info: Model `wave' substituted by `hsb' on input line 1371.
) (/usr/share/texlive/texmf-dist/tex/latex/listings/lstlang1.sty
File: lstlang1.sty 2019/09/10 1.8c listings language file
) (/usr/share/texlive/texmf-dist/tex/latex/listings/lstlang2.sty
File: lstlang2.sty 2019/09/10 1.8c listings language file
) (/usr/share/texlive/texmf-dist/tex/latex/listings/lstlang3.sty
File: lstlang3.sty 2019/09/10 1.8c listings language file
) (/usr/share/texlive/texmf-dist/tex/latex/caption/caption.sty
Package: caption 2020/01/03 v3.4h Customizing captions (AR)
 (/usr/share/texlive/texmf-dist/tex/latex/caption/caption3.sty
Package: caption3 2020/01/03 v1.8h caption3 kernel (AR)
Package caption3 Info: TeX engine: e-TeX on input line 61.
\captionmargin=\dimen153
\captionmargin@=\dimen154
\captionwidth=\dimen155
\caption@tempdima=\dimen156
\caption@indent=\dimen157
\caption@parindent=\dimen158
\caption@hangindent=\dimen159
Package caption Info: Standard document class detected.
)
\c@caption@flags=\count197
\c@continuedfloat=\count198
Package caption Info: hyperref package is loaded.
Package caption Info: listings package is loaded.
) (/usr/share/texlive/texmf-dist/tex/latex/caption/subcaption.sty
Package: subcaption 2020/01/22 v1.3d Sub-captions (AR)
\c@subfigure=\count199
\c@subtable=\count266
) (/usr/share/texlive/texmf-dist/tex/latex/l3backend/l3backend-pdfmode.def
File: l3backend-pdfmode.def 2020-02-03 L3 backend support: PDF mode
\l__kernel_color_stack_int=\count267
\l__pdf_internal_box=\box47
) (/mnt/c/Users/abhir/OneDrive/IIEST/Study Material/Sem 5/CS 3171 Microprocessor Lab/Report/510519109.aux)
\openout1 = `510519109.aux'.

LaTeX Font Info:    Checking defaults for OML/cmm/m/it on input line 53.
LaTeX Font Info:    ... okay on input line 53.
LaTeX Font Info:    Checking defaults for OMS/cmsy/m/n on input line 53.
LaTeX Font Info:    ... okay on input line 53.
LaTeX Font Info:    Checking defaults for OT1/cmr/m/n on input line 53.
LaTeX Font Info:    ... okay on input line 53.
LaTeX Font Info:    Checking defaults for T1/cmr/m/n on input line 53.
LaTeX Font Info:    ... okay on input line 53.
LaTeX Font Info:    Checking defaults for TS1/cmr/m/n on input line 53.
LaTeX Font Info:    ... okay on input line 53.
LaTeX Font Info:    Checking defaults for OMX/cmex/m/n on input line 53.
LaTeX Font Info:    ... okay on input line 53.
LaTeX Font Info:    Checking defaults for U/cmr/m/n on input line 53.
LaTeX Font Info:    ... okay on input line 53.
LaTeX Font Info:    Checking defaults for PD1/pdf/m/n on input line 53.
LaTeX Font Info:    ... okay on input line 53.

*geometry* driver: auto-detecting
*geometry* detected driver: pdftex
*geometry* verbose mode - [ preamble ] result:
* driver: pdftex
* paper: a4paper
* layout: <same size as paper>
* layoutoffset:(h,v)=(0.0pt,0.0pt)
* modes: 
* h-part:(L,W,R)=(85.35826pt, 441.01773pt, 71.13188pt)
* v-part:(T,H,B)=(71.13188pt, 702.78308pt, 71.13188pt)
* \paperwidth=597.50787pt
* \paperheight=845.04684pt
* \textwidth=441.01773pt
* \textheight=702.78308pt
* \oddsidemargin=13.08827pt
* \evensidemargin=13.08827pt
* \topmargin=-38.1381pt
* \headheight=12.0pt
* \headsep=25.0pt
* \topskip=10.0pt
* \footskip=30.0pt
* \marginparwidth=57.0pt
* \marginparsep=11.0pt
* \columnsep=10.0pt
* \skip\footins=9.0pt plus 4.0pt minus 2.0pt
* \hoffset=0.0pt
* \voffset=0.0pt
* \mag=1000
* \@twocolumnfalse
* \@twosidefalse
* \@mparswitchfalse
* \@reversemarginfalse
* (1in=72.27pt=25.4mm, 1cm=28.453pt)

(/usr/share/texlive/texmf-dist/tex/context/base/mkii/supp-pdf.mkii
[Loading MPS to PDF converter (version 2006.09.02).]
\scratchcounter=\count268
\scratchdimen=\dimen160
\scratchbox=\box48
\nofMPsegments=\count269
\nofMParguments=\count270
\everyMPshowfont=\toks19
\MPscratchCnt=\count271
\MPscratchDim=\dimen161
\MPnumerator=\count272
\makeMPintoPDFobject=\count273
\everyMPtoPDFconversion=\toks20
) (/usr/share/texlive/texmf-dist/tex/latex/epstopdf-pkg/epstopdf-base.sty
Package: epstopdf-base 2020-01-24 v2.11 Base part for package epstopdf
Package epstopdf-base Info: Redefining graphics rule for `.eps' on input line 485.
 (/usr/share/texlive/texmf-dist/tex/latex/latexconfig/epstopdf-sys.cfg
File: epstopdf-sys.cfg 2010/07/13 v1.3 Configuration of (r)epstopdf for TeX Live
))
\AtBeginShipoutBox=\box49
Package hyperref Info: Link coloring OFF on input line 53.
 (/usr/share/texlive/texmf-dist/tex/latex/hyperref/nameref.sty
Package: nameref 2019/09/16 v2.46 Cross-referencing by name of section
 (/usr/share/texlive/texmf-dist/tex/latex/refcount/refcount.sty
Package: refcount 2019/12/15 v3.6 Data extraction from label references (HO)
) (/usr/share/texlive/texmf-dist/tex/generic/gettitlestring/gettitlestring.sty
Package: gettitlestring 2019/12/15 v1.6 Cleanup title references (HO)
)
\c@section@level=\count274
)
LaTeX Info: Redefining \ref on input line 53.
LaTeX Info: Redefining \pageref on input line 53.
LaTeX Info: Redefining \nameref on input line 53.
 (/mnt/c/Users/abhir/OneDrive/IIEST/Study Material/Sem 5/CS 3171 Microprocessor Lab/Report/510519109.out) (/mnt/c/Users/abhir/OneDrive/IIEST/Study Material/Sem 5/CS 3171 Microprocessor Lab/Report/510519109.out)
\@outlinefile=\write3
\openout3 = `510519109.out'.

\c@lstlisting=\count275
Package caption Info: Begin \AtBeginDocument code.
Package caption Info: End \AtBeginDocument code.
 (/mnt/c/Users/abhir/OneDrive/IIEST/Study Material/Sem 5/CS 3171 Microprocessor Lab/Report/titlepage.tex
<images/IIESTS-Logo.png, id=60, 1024.82875pt x 1027.84pt>
File: images/IIESTS-Logo.png Graphic file (type png)
<use images/IIESTS-Logo.png>
Package pdftex.def Info: images/IIESTS-Logo.png  used on input line 14.
(pdftex.def)             Requested size: 176.40439pt x 176.91049pt.
 [1

{/var/lib/texmf/fonts/map/pdftex/updmap/pdftex.map} </mnt/c/Users/abhir/OneDrive/IIEST/Study Material/Sem 5/CS 3171 Microprocessor Lab/Report/images/IIESTS-Logo.png>]) (/mnt/c/Users/abhir/OneDrive/IIEST/Study Material/Sem 5/CS 3171 Microprocessor Lab/Report/510519109.toc)
\tf@toc=\write4
\openout4 = `510519109.toc'.

 [1]
LaTeX Font Info:    External font `cmex10' loaded for size
(Font)              <7> on input line 72.
LaTeX Font Info:    External font `cmex10' loaded for size
(Font)              <5> on input line 72.
Package hyperref Info: bookmark level for unknown lstlisting defaults to 0 on input line 75.
 (/mnt/c/Users/abhir/OneDrive/IIEST/Study Material/Sem 5/CS 3171 Microprocessor Lab/Report/./../Programs/Assignment 1/1_1_sum till 30.asm)
<images/Assignment 1/1_sum_till_30/registor.png, id=90, 296.60812pt x 119.69719pt>
File: images/Assignment 1/1_sum_till_30/registor.png Graphic file (type png)
<use images/Assignment 1/1_sum_till_30/registor.png>
Package pdftex.def Info: images/Assignment 1/1_sum_till_30/registor.png  used on input line 79.
(pdftex.def)             Requested size: 308.71106pt x 124.58623pt.
pdfTeX warning (ext4): destination with the same identifier (name{page.1}) has been already used, duplicate ignored
<to be read again> 
                   \relax 
l.86 \newpage
              [1 </mnt/c/Users/abhir/OneDrive/IIEST/Study Material/Sem 5/CS 3171 Microprocessor Lab/Report/images/Assignment 1/1_sum_till_30/registor.png>] (/mnt/c/Users/abhir/OneDrive/IIEST/Study Material/Sem 5/CS 3171 Microprocessor Lab/Report/./../Programs/Assignment 1/1_2_min-max of 10 size array.asm)
<images/Assignment 1/2_min-max-10-elem/test 1.png, id=118, 301.8778pt x 120.45pt>
File: images/Assignment 1/2_min-max-10-elem/test 1.png Graphic file (type png)
<use images/Assignment 1/2_min-max-10-elem/test 1.png>
Package pdftex.def Info: images/Assignment 1/2_min-max-10-elem/test 1.png  used on input line 104.
(pdftex.def)             Requested size: 176.40439pt x 70.38484pt.
LaTeX Font Info:    Trying to load font information for OMS+cmr on input line 105.
 (/usr/share/texlive/texmf-dist/tex/latex/base/omscmr.fd
File: omscmr.fd 2019/12/16 v2.5j Standard LaTeX font definitions
)
LaTeX Font Info:    Font shape `OMS/cmr/m/n' in size <9> not available
(Font)              Font shape `OMS/cmsy/m/n' tried instead on input line 105.
<images/Assignment 1/2_min-max-10-elem/test 2.png, id=119, 303.38344pt x 116.68594pt>
File: images/Assignment 1/2_min-max-10-elem/test 2.png Graphic file (type png)
<use images/Assignment 1/2_min-max-10-elem/test 2.png>
Package pdftex.def Info: images/Assignment 1/2_min-max-10-elem/test 2.png  used on input line 110.
(pdftex.def)             Requested size: 176.40439pt x 67.8488pt.
 [2 </mnt/c/Users/abhir/OneDrive/IIEST/Study Material/Sem 5/CS 3171 Microprocessor Lab/Report/images/Assignment 1/2_min-max-10-elem/test 1.png> </mnt/c/Users/abhir/OneDrive/IIEST/Study Material/Sem 5/CS 3171 Microprocessor Lab/Report/images/Assignment 1/2_min-max-10-elem/test 2.png>] (/mnt/c/Users/abhir/OneDrive/IIEST/Study Material/Sem 5/CS 3171 Microprocessor Lab/Report/./../Programs/Assignment 1/1_3_delay.asm) [3] (/mnt/c/Users/abhir/OneDrive/IIEST/Study Material/Sem 5/CS 3171 Microprocessor Lab/Report/./../Programs/Assignment 2/2_1_move_array.asm) [4]
<images/Assignment 2/1_Move Blocks/5 data copy.png, id=223, 323.70938pt x 561.59813pt>
File: images/Assignment 2/1_Move Blocks/5 data copy.png Graphic file (type png)
<use images/Assignment 2/1_Move Blocks/5 data copy.png>
Package pdftex.def Info: images/Assignment 2/1_Move Blocks/5 data copy.png  used on input line 162.
(pdftex.def)             Requested size: 216.1011pt x 374.91484pt.
<images/Assignment 2/1_Move Blocks/10 data copy.png, id=224, 326.72063pt x 561.59813pt>
File: images/Assignment 2/1_Move Blocks/10 data copy.png Graphic file (type png)
<use images/Assignment 2/1_Move Blocks/10 data copy.png>
Package pdftex.def Info: images/Assignment 2/1_Move Blocks/10 data copy.png  used on input line 168.
(pdftex.def)             Requested size: 216.1011pt x 371.45285pt.
 [5 </mnt/c/Users/abhir/OneDrive/IIEST/Study Material/Sem 5/CS 3171 Microprocessor Lab/Report/images/Assignment 2/1_Move Blocks/5 data copy.png> </mnt/c/Users/abhir/OneDrive/IIEST/Study Material/Sem 5/CS 3171 Microprocessor Lab/Report/images/Assignment 2/1_Move Blocks/10 data copy.png>] (/mnt/c/Users/abhir/OneDrive/IIEST/Study Material/Sem 5/CS 3171 Microprocessor Lab/Report/./../Programs/Assignment 2/2_2_is_Odd.asm)
<images/Assignment 2/2_isodd/odd73.png, id=237, 298.11375pt x 117.43875pt>
File: images/Assignment 2/2_isodd/odd73.png Graphic file (type png)
<use images/Assignment 2/2_isodd/odd73.png>
Package pdftex.def Info: images/Assignment 2/2_isodd/odd73.png  used on input line 197.
(pdftex.def)             Requested size: 216.1011pt x 85.13104pt.
<images/Assignment 2/2_isodd/even74.png, id=238, 297.36093pt x 116.68594pt>
File: images/Assignment 2/2_isodd/even74.png Graphic file (type png)
<use images/Assignment 2/2_isodd/even74.png>
Package pdftex.def Info: images/Assignment 2/2_isodd/even74.png  used on input line 203.
(pdftex.def)             Requested size: 216.1011pt x 84.79898pt.
 [6 </mnt/c/Users/abhir/OneDrive/IIEST/Study Material/Sem 5/CS 3171 Microprocessor Lab/Report/images/Assignment 2/2_isodd/odd73.png> </mnt/c/Users/abhir/OneDrive/IIEST/Study Material/Sem 5/CS 3171 Microprocessor Lab/Report/images/Assignment 2/2_isodd/even74.png>] (/mnt/c/Users/abhir/OneDrive/IIEST/Study Material/Sem 5/CS 3171 Microprocessor Lab/Report/./../Programs/Assignment 2/2_3_byte_add_right_to_left.asm) [7]
<images/Assignment 2/3_multibyte_add/FFFFFF_FFFFFF.png, id=327, 324.46219pt x 562.35094pt>
File: images/Assignment 2/3_multibyte_add/FFFFFF_FFFFFF.png Graphic file (type png)
<use images/Assignment 2/3_multibyte_add/FFFFFF_FFFFFF.png>
Package pdftex.def Info: images/Assignment 2/3_multibyte_add/FFFFFF_FFFFFF.png  used on input line 232.
(pdftex.def)             Requested size: 216.1011pt x 374.55075pt.
<images/Assignment 2/3_multibyte_add/01020304_FFFEFCFA.png, id=328, 325.215pt x 561.59813pt>
File: images/Assignment 2/3_multibyte_add/01020304_FFFEFCFA.png Graphic file (type png)
<use images/Assignment 2/3_multibyte_add/01020304_FFFEFCFA.png>
Package pdftex.def Info: images/Assignment 2/3_multibyte_add/01020304_FFFEFCFA.png  used on input line 238.
(pdftex.def)             Requested size: 216.1011pt x 373.18385pt.
 [8 </mnt/c/Users/abhir/OneDrive/IIEST/Study Material/Sem 5/CS 3171 Microprocessor Lab/Report/images/Assignment 2/3_multibyte_add/FFFFFF_FFFFFF.png> </mnt/c/Users/abhir/OneDrive/IIEST/Study Material/Sem 5/CS 3171 Microprocessor Lab/Report/images/Assignment 2/3_multibyte_add/01020304_FFFEFCFA.png>] (/mnt/c/Users/abhir/OneDrive/IIEST/Study Material/Sem 5/CS 3171 Microprocessor Lab/Report/./../Programs/Assignment 3/3_1_9_times_15_shift.asm)
<images/Assignment 3/1_9x15/9x15.png, id=338, 297.36093pt x 118.19156pt>
File: images/Assignment 3/1_9x15/9x15.png Graphic file (type png)
<use images/Assignment 3/1_9x15/9x15.png>
Package pdftex.def Info: images/Assignment 3/1_9x15/9x15.png  used on input line 265.
(pdftex.def)             Requested size: 308.71106pt x 122.70892pt.
 [9 </mnt/c/Users/abhir/OneDrive/IIEST/Study Material/Sem 5/CS 3171 Microprocessor Lab/Report/images/Assignment 3/1_9x15/9x15.png>] (/mnt/c/Users/abhir/OneDrive/IIEST/Study Material/Sem 5/CS 3171 Microprocessor Lab/Report/./../Programs/Assignment 3/3_2_bubble_sort_5_elem.asm) [10]
<images/Assignment 3/2_sort/mem_output.png, id=410, 322.95656pt x 560.0925pt>
File: images/Assignment 3/2_sort/mem_output.png Graphic file (type png)
<use images/Assignment 3/2_sort/mem_output.png>
Package pdftex.def Info: images/Assignment 3/2_sort/mem_output.png  used on input line 290.
(pdftex.def)             Requested size: 308.71106pt x 535.40936pt.
 [11 </mnt/c/Users/abhir/OneDrive/IIEST/Study Material/Sem 5/CS 3171 Microprocessor Lab/Report/images/Assignment 3/2_sort/mem_output.png>] (/mnt/c/Users/abhir/OneDrive/IIEST/Study Material/Sem 5/CS 3171 Microprocessor Lab/Report/./../Programs/Assignment 3/3_3_store_all_reg.asm) [12]
<images/Assignment 3/3_save_reg_config/mem.png, id=482, 325.215pt x 563.10374pt>
File: images/Assignment 3/3_save_reg_config/mem.png Graphic file (type png)
<use images/Assignment 3/3_save_reg_config/mem.png>
Package pdftex.def Info: images/Assignment 3/3_save_reg_config/mem.png  used on input line 312.
(pdftex.def)             Requested size: 308.71106pt x 534.56747pt.
 [13 </mnt/c/Users/abhir/OneDrive/IIEST/Study Material/Sem 5/CS 3171 Microprocessor Lab/Report/images/Assignment 3/3_save_reg_config/mem.png>] (/mnt/c/Users/abhir/OneDrive/IIEST/Study Material/Sem 5/CS 3171 Microprocessor Lab/Report/./../Programs/Assignment 4/4_1_POST.asm) [14]
<images/Assignment 4/1_POST/yes_stuck.png, id=531, 319.1925pt x 261.97874pt>
File: images/Assignment 4/1_POST/yes_stuck.png Graphic file (type png)
<use images/Assignment 4/1_POST/yes_stuck.png>
Package pdftex.def Info: images/Assignment 4/1_POST/yes_stuck.png  used on input line 341.
(pdftex.def)             Requested size: 216.1011pt x 177.36768pt.
<images/Assignment 4/1_POST/no_stuck.png, id=532, 320.69812pt x 261.97874pt>
File: images/Assignment 4/1_POST/no_stuck.png Graphic file (type png)
<use images/Assignment 4/1_POST/no_stuck.png>
Package pdftex.def Info: images/Assignment 4/1_POST/no_stuck.png  used on input line 347.
(pdftex.def)             Requested size: 216.1011pt x 176.53621pt.
 [15 </mnt/c/Users/abhir/OneDrive/IIEST/Study Material/Sem 5/CS 3171 Microprocessor Lab/Report/images/Assignment 4/1_POST/yes_stuck.png> </mnt/c/Users/abhir/OneDrive/IIEST/Study Material/Sem 5/CS 3171 Microprocessor Lab/Report/images/Assignment 4/1_POST/no_stuck.png>] (/mnt/c/Users/abhir/OneDrive/IIEST/Study Material/Sem 5/CS 3171 Microprocessor Lab/Report/./../Programs/Assignment 4/4_2_Binary_Search.asm) [16]
<images/Assignment 4/2_BS/found.png, id=606, 319.1925pt x 261.97874pt>
File: images/Assignment 4/2_BS/found.png Graphic file (type png)
<use images/Assignment 4/2_BS/found.png>
Package pdftex.def Info: images/Assignment 4/2_BS/found.png  used on input line 374.
(pdftex.def)             Requested size: 216.1011pt x 177.36768pt.
<images/Assignment 4/2_BS/not_found.png, id=607, 319.94531pt x 261.97874pt>
File: images/Assignment 4/2_BS/not_found.png Graphic file (type png)
<use images/Assignment 4/2_BS/not_found.png>
Package pdftex.def Info: images/Assignment 4/2_BS/not_found.png  used on input line 380.
(pdftex.def)             Requested size: 216.1011pt x 176.95193pt.
 [17 </mnt/c/Users/abhir/OneDrive/IIEST/Study Material/Sem 5/CS 3171 Microprocessor Lab/Report/images/Assignment 4/2_BS/found.png> </mnt/c/Users/abhir/OneDrive/IIEST/Study Material/Sem 5/CS 3171 Microprocessor Lab/Report/images/Assignment 4/2_BS/not_found.png>] (/mnt/c/Users/abhir/OneDrive/IIEST/Study Material/Sem 5/CS 3171 Microprocessor Lab/Report/./../Programs/Assignment 4/4_3_Port.asm) [18] (/mnt/c/Users/abhir/OneDrive/IIEST/Study Material/Sem 5/CS 3171 Microprocessor Lab/Report/./../Programs/Assignment 5/5_1_ISR.asm) [19]
<images/Assignment 5/1_ISR/4-click.png, id=697, 317.68687pt x 434.37282pt>
File: images/Assignment 5/1_ISR/4-click.png Graphic file (type png)
<use images/Assignment 5/1_ISR/4-click.png>
Package pdftex.def Info: images/Assignment 5/1_ISR/4-click.png  used on input line 438.
(pdftex.def)             Requested size: 216.1011pt x 295.48227pt.
<images/Assignment 5/1_ISR/12-click.png, id=698, 319.94531pt x 435.87843pt>
File: images/Assignment 5/1_ISR/12-click.png Graphic file (type png)
<use images/Assignment 5/1_ISR/12-click.png>
Package pdftex.def Info: images/Assignment 5/1_ISR/12-click.png  used on input line 444.
(pdftex.def)             Requested size: 216.1011pt x 294.41142pt.
 [20 </mnt/c/Users/abhir/OneDrive/IIEST/Study Material/Sem 5/CS 3171 Microprocessor Lab/Report/images/Assignment 5/1_ISR/4-click.png> </mnt/c/Users/abhir/OneDrive/IIEST/Study Material/Sem 5/CS 3171 Microprocessor Lab/Report/images/Assignment 5/1_ISR/12-click.png>]
<images/Assignment 5/2_hardware debouncing/default circuit.png, id=708, 341.52594pt x 194.7275pt>
File: images/Assignment 5/2_hardware debouncing/default circuit.png Graphic file (type png)
<use images/Assignment 5/2_hardware debouncing/default circuit.png>
Package pdftex.def Info: images/Assignment 5/2_hardware debouncing/default circuit.png  used on input line 465.
(pdftex.def)             Requested size: 352.81552pt x 201.17769pt.
<images/Assignment 5/2_hardware debouncing/not pressed.png, id=712, 341.52594pt x 194.7275pt>
File: images/Assignment 5/2_hardware debouncing/not pressed.png Graphic file (type png)
<use images/Assignment 5/2_hardware debouncing/not pressed.png>
Package pdftex.def Info: images/Assignment 5/2_hardware debouncing/not pressed.png  used on input line 478.
(pdftex.def)             Requested size: 205.29538pt x 117.05429pt.
<images/Assignment 5/2_hardware debouncing/pressed.png, id=713, 341.52594pt x 194.7275pt>
File: images/Assignment 5/2_hardware debouncing/pressed.png Graphic file (type png)
<use images/Assignment 5/2_hardware debouncing/pressed.png>
Package pdftex.def Info: images/Assignment 5/2_hardware debouncing/pressed.png  used on input line 484.
(pdftex.def)             Requested size: 205.29538pt x 117.05429pt.
 [21 </mnt/c/Users/abhir/OneDrive/IIEST/Study Material/Sem 5/CS 3171 Microprocessor Lab/Report/images/Assignment 5/2_hardware debouncing/default circuit.png (PNG copy)> </mnt/c/Users/abhir/OneDrive/IIEST/Study Material/Sem 5/CS 3171 Microprocessor Lab/Report/images/Assignment 5/2_hardware debouncing/not pressed.png (PNG copy)> </mnt/c/Users/abhir/OneDrive/IIEST/Study Material/Sem 5/CS 3171 Microprocessor Lab/Report/images/Assignment 5/2_hardware debouncing/pressed.png (PNG copy)>]
<images/Assignment 5/2_hardware debouncing/graph.png, id=724, 712.91344pt x 377.15906pt>
File: images/Assignment 5/2_hardware debouncing/graph.png Graphic file (type png)
<use images/Assignment 5/2_hardware debouncing/graph.png>
Package pdftex.def Info: images/Assignment 5/2_hardware debouncing/graph.png  used on input line 495.
(pdftex.def)             Requested size: 441.01773pt x 233.3125pt.
 [22 </mnt/c/Users/abhir/OneDrive/IIEST/Study Material/Sem 5/CS 3171 Microprocessor Lab/Report/images/Assignment 5/2_hardware debouncing/graph.png (PNG copy)>]
Package atveryend Info: Empty hook `BeforeClearDocument' on input line 504.
Package atveryend Info: Empty hook `AfterLastShipout' on input line 504.
 (/mnt/c/Users/abhir/OneDrive/IIEST/Study Material/Sem 5/CS 3171 Microprocessor Lab/Report/510519109.aux)
Package atveryend Info: Executing hook `AtVeryEndDocument' on input line 504.
Package atveryend Info: Executing hook `AtEndAfterFileList' on input line 504.
Package rerunfilecheck Info: File `510519109.out' has not changed.
(rerunfilecheck)             Checksum: 24076E01B6FAA765BB69E42AFFB7ACAF;916.
Package atveryend Info: Empty hook `AtVeryVeryEnd' on input line 504.
 ) 
Here is how much of TeX's memory you used:
 10211 strings out of 481239
 160191 string characters out of 5920377
 609287 words of memory out of 5000000
 24728 multiletter control sequences out of 15000+600000
 535986 words of font info for 37 fonts, out of 8000000 for 9000
 1141 hyphenation exceptions out of 8191
 41i,10n,42p,403b,1611s stack positions out of 5000i,500n,10000p,200000b,80000s
{/usr/share/texmf/fonts/enc/dvips/cm-super/cm-super-ts1.enc}</usr/share/texlive/texmf-dist/fonts/type1/public/amsfonts/cm/cmbx10.pfb></usr/share/texlive/texmf-dist/fonts/type1/public/amsfonts/cm/cmbx12.pfb></usr/share/texlive/texmf-dist/fonts/type1/public/amsfonts/cm/cmmi10.pfb></usr/share/texlive/texmf-dist/fonts/type1/public/amsfonts/cm/cmmi7.pfb></usr/share/texlive/texmf-dist/fonts/type1/public/amsfonts/cm/cmr10.pfb></usr/share/texlive/texmf-dist/fonts/type1/public/amsfonts/cm/cmr5.pfb></usr/share/texlive/texmf-dist/fonts/type1/public/amsfonts/cm/cmr9.pfb></usr/share/texlive/texmf-dist/fonts/type1/public/amsfonts/cm/cmsy10.pfb></usr/share/texlive/texmf-dist/fonts/type1/public/amsfonts/cm/cmsy9.pfb></usr/share/texlive/texmf-dist/fonts/type1/public/amsfonts/cm/cmtt8.pfb></usr/share/texmf/fonts/type1/public/cm-super/sfrm1000.pfb>
Output written on "/mnt/c/Users/abhir/OneDrive/IIEST/Study Material/Sem 5/CS 3171 Microprocessor Lab/Report/510519109.pdf" (24 pages, 586793 bytes).
PDF statistics:
 880 PDF objects out of 1000 (max. 8388607)
 792 compressed objects within 8 object streams
 530 named destinations out of 1000 (max. 500000)
 228 words of extra memory for PDF output out of 10000 (max. 10000000)

